[debug] [2018-01-06T10:35:54.216Z] ----------------------------------------------------------------------
[debug] [2018-01-06T10:35:54.216Z] Command:       C:\Program Files\nodejs\node.exe C:\Users\Micha\AppData\Roaming\npm\node_modules\firebase-tools\bin\firebase deploy
[debug] [2018-01-06T10:35:54.216Z] CLI Version:   3.16.0
[debug] [2018-01-06T10:35:54.216Z] Platform:      win32
[debug] [2018-01-06T10:35:54.216Z] Node Version:  v8.9.3
[debug] [2018-01-06T10:35:54.216Z] Time:          Sat Jan 06 2018 11:35:54 GMT+0100 (Mitteleuropäische Zeit)
[debug] [2018-01-06T10:35:54.216Z] ----------------------------------------------------------------------
[debug] 
[debug] [2018-01-06T10:35:54.247Z] > command requires scopes: ["email","openid","https://www.googleapis.com/auth/cloudplatformprojects.readonly","https://www.googleapis.com/auth/firebase","https://www.googleapis.com/auth/cloud-platform"]
[debug] [2018-01-06T10:35:54.247Z] > authorizing via signed-in user
[debug] [2018-01-06T10:35:54.247Z] > refreshing access token with scopes: ["email","https://www.googleapis.com/auth/cloud-platform","https://www.googleapis.com/auth/cloudplatformprojects.readonly","https://www.googleapis.com/auth/firebase","openid"]
[debug] [2018-01-06T10:35:54.247Z] >>> HTTP REQUEST POST https://www.googleapis.com/oauth2/v3/token  
 { refresh_token: '1/WI29qU1Cod6yqXf0Y2vnog8Hwx2SZrVpHBwtkYSs1amaUCD0iXlF9yRg7ijEZbvo',
  client_id: '563584335869-fgrhgmd47bqnekij5i8b5pr03ho849e6.apps.googleusercontent.com',
  client_secret: 'j9iVZfS8kkCEFUPaAeJV0sAi',
  grant_type: 'refresh_token',
  scope: 'email https://www.googleapis.com/auth/cloud-platform https://www.googleapis.com/auth/cloudplatformprojects.readonly https://www.googleapis.com/auth/firebase openid' } 
 Sat Jan 06 2018 11:35:54 GMT+0100 (Mitteleuropäische Zeit)
[debug] [2018-01-06T10:35:54.544Z] <<< HTTP RESPONSE 200
[debug] [2018-01-06T10:35:54.576Z] >>> HTTP REQUEST GET https://admin.firebase.com/v1/projects/friday-night-poker  
  
 Sat Jan 06 2018 11:35:54 GMT+0100 (Mitteleuropäische Zeit)
[debug] [2018-01-06T10:35:55.388Z] <<< HTTP RESPONSE 200
[debug] [2018-01-06T10:35:55.388Z] >>> HTTP REQUEST GET https://admin.firebase.com/v1/database/friday-night-poker/tokens  
  
 Sat Jan 06 2018 11:35:55 GMT+0100 (Mitteleuropäische Zeit)
[debug] [2018-01-06T10:35:55.999Z] <<< HTTP RESPONSE 200
[info] 
[info] === Deploying to 'friday-night-poker'...
[info] 
[info] i  deploying storage, firestore, functions, hosting
[info] i  functions: running predeploy script.
[info] +  functions: Finished running predeploy script.
[debug] [2018-01-06T10:36:01.423Z] >>> HTTP REQUEST GET https://appengine.googleapis.com/v1/apps/friday-night-poker  
  
 Sat Jan 06 2018 11:36:01 GMT+0100 (Mitteleuropäische Zeit)
[debug] [2018-01-06T10:36:02.449Z] <<< HTTP RESPONSE 200
[info] i  storage: checking storage.rules for compilation errors...
[debug] [2018-01-06T10:36:02.465Z] >>> HTTP REQUEST POST https://firebaserules.googleapis.com/v1/projects/friday-night-poker:test  
 { source: { files: [ [Object] ] } } 
 Sat Jan 06 2018 11:36:02 GMT+0100 (Mitteleuropäische Zeit)
[debug] [2018-01-06T10:36:03.299Z] <<< HTTP RESPONSE 200
[info] +  storage: rules file storage.rules compiled successfully
[info] i  firestore: checking firestore.rules for compilation errors...
[debug] [2018-01-06T10:36:03.331Z] >>> HTTP REQUEST POST https://firebaserules.googleapis.com/v1/projects/friday-night-poker:test  
 { source: { files: [ [Object] ] } } 
 Sat Jan 06 2018 11:36:03 GMT+0100 (Mitteleuropäische Zeit)
[debug] [2018-01-06T10:36:04.065Z] <<< HTTP RESPONSE 200
[info] +  firestore: rules file firestore.rules compiled successfully
[debug] [2018-01-06T10:36:04.065Z] > [functions] package.json contents: {
  "name": "functions",
  "scripts": {
    "build": "./node_modules/.bin/tsc",
    "serve": "npm run build && firebase serve --only functions",
    "shell": "npm run build && firebase experimental:functions:shell",
    "start": "npm run shell",
    "deploy": "firebase deploy --only functions",
    "logs": "firebase functions:log"
  },
  "main": "lib/index.js",
  "dependencies": {
    "cors": "^2.8.4",
    "firebase-admin": "~5.4.2",
    "firebase-functions": "^0.7.1",
    "nodemailer": "^4.4.1"
  },
  "devDependencies": {
    "typescript": "^2.5.3"
  },
  "private": true
}
[info] i  functions: ensuring necessary APIs are enabled...
[debug] [2018-01-06T10:36:04.065Z] >>> HTTP REQUEST GET https://servicemanagement.googleapis.com/v1/services/cloudfunctions.googleapis.com/projectSettings/friday-night-poker?view=CONSUMER_VIEW  
  
 Sat Jan 06 2018 11:36:04 GMT+0100 (Mitteleuropäische Zeit)
[debug] [2018-01-06T10:36:04.065Z] >>> HTTP REQUEST GET https://servicemanagement.googleapis.com/v1/services/runtimeconfig.googleapis.com/projectSettings/friday-night-poker?view=CONSUMER_VIEW  
  
 Sat Jan 06 2018 11:36:04 GMT+0100 (Mitteleuropäische Zeit)
[debug] [2018-01-06T10:36:05.353Z] <<< HTTP RESPONSE 200
[debug] [2018-01-06T10:36:05.368Z] <<< HTTP RESPONSE 200
[info] +  functions: all necessary APIs are enabled
[debug] [2018-01-06T10:36:05.368Z] >>> HTTP REQUEST GET https://appengine.googleapis.com/v1/apps/friday-night-poker  
  
 Sat Jan 06 2018 11:36:05 GMT+0100 (Mitteleuropäische Zeit)
[debug] [2018-01-06T10:36:05.368Z] >>> HTTP REQUEST GET https://apikeys.googleapis.com/v1/projects/friday-night-poker/apiKeys  
  
 Sat Jan 06 2018 11:36:05 GMT+0100 (Mitteleuropäische Zeit)
[debug] [2018-01-06T10:36:06.228Z] <<< HTTP RESPONSE 200
[debug] [2018-01-06T10:36:06.353Z] <<< HTTP RESPONSE 200
[info] i  storage: uploading rules storage.rules...
[debug] [2018-01-06T10:36:06.386Z] >>> HTTP REQUEST POST https://firebaserules.googleapis.com/v1/projects/friday-night-poker/rulesets  
 { source: { files: [ [Object] ] } } 
 Sat Jan 06 2018 11:36:06 GMT+0100 (Mitteleuropäische Zeit)
[debug] [2018-01-06T10:36:07.283Z] <<< HTTP RESPONSE 200
[debug] [2018-01-06T10:36:07.283Z] [rules] created ruleset projects/friday-night-poker/rulesets/62f2cc25-ea57-4183-8ea2-497a19af6417
[info] i  firestore: uploading rules firestore.rules...
[debug] [2018-01-06T10:36:07.286Z] >>> HTTP REQUEST POST https://firebaserules.googleapis.com/v1/projects/friday-night-poker/rulesets  
 { source: { files: [ [Object] ] } } 
 Sat Jan 06 2018 11:36:07 GMT+0100 (Mitteleuropäische Zeit)
[debug] [2018-01-06T10:36:07.287Z] >>> HTTP REQUEST GET https://firestore.googleapis.com/v1beta1/projects/friday-night-poker/databases/(default)/indexes  
  
 Sat Jan 06 2018 11:36:07 GMT+0100 (Mitteleuropäische Zeit)
[debug] [2018-01-06T10:36:08.098Z] <<< HTTP RESPONSE 200
[debug] [2018-01-06T10:36:08.099Z] [rules] created ruleset projects/friday-night-poker/rulesets/ae1e2aad-d612-4b3e-8c36-5a02eea86641
[debug] [2018-01-06T10:36:08.172Z] <<< HTTP RESPONSE 200
